This is pdfTeX, Version 3.141592653-2.6-1.40.22 (MiKTeX 21.3)
entering extended mode

======================================================================
starting package maintenance...
installation directory: C:\Users\nun-o\AppData\Local\Programs\MiKTeX
package repository: https://polish-mirror.evolution-host.com/ctan/systems/win32/miktex/tm/packages/
package repository digest: 63bbf567343cf2fbe9a3e89cb844fb48
going to download 303072 bytes
going to install 4 file(s) (1 package(s))
downloading https://polish-mirror.evolution-host.com/ctan/systems/win32/miktex/tm/packages/qcircuit.tar.lzma...
0.30 MB, 0.36 Mbit/s
extracting files from qcircuit.tar.lzma...
======================================================================

======================================================================
starting package maintenance...
installation directory: C:\Users\nun-o\AppData\Local\Programs\MiKTeX
package repository: https://polish-mirror.evolution-host.com/ctan/systems/win32/miktex/tm/packages/
package repository digest: 63bbf567343cf2fbe9a3e89cb844fb48
going to download 4695159 bytes
going to install 184 file(s) (1 package(s))
downloading https://polish-mirror.evolution-host.com/ctan/systems/win32/miktex/tm/packages/xypic.tar.lzma...
4.70 MB, 4.32 Mbit/s
extracting files from xypic.tar.lzma...
