This is pdfTeX, Version 3.141592653-2.6-1.40.22 (MiKTeX 21.3) (preloaded format=pdflatex 2023.1.24)  24 JAN 2023 18:13
entering extended mode
**./qat2pdf_y746vzvi_circ.tex
(qat2pdf_y746vzvi_circ.tex
LaTeX2e <2020-10-01> patch level 4
L3 programming layer <2021-02-18>
(C:\Users\nun-o\AppData\Local\Programs\MiKTeX\tex/latex/standalone\standalone.c
ls
Document Class: standalone 2018/03/26 v1.3a Class to compile TeX sub-files stan
dalone

(C:\Users\nun-o\AppData\Local\Programs\MiKTeX\tex/latex/latex-tools\shellesc.st
y
Package: shellesc 2019/11/08 v1.0c unified shell escape interface for LaTeX
Package shellesc Info: Restricted shell escape enabled on input line 77.
) (C:\Users\nun-o\AppData\Local\Programs\MiKTeX\tex/generic/iftex\ifluatex.sty
Package: ifluatex 2019/10/25 v1.5 ifluatex legacy package. Use iftex instead.
(C:\Users\nun-o\AppData\Local\Programs\MiKTeX\tex/generic/iftex\iftex.sty
Package: iftex 2020/03/06 v1.0d TeX engine tests
)) (C:\Users\nun-o\AppData\Local\Programs\MiKTeX\tex/latex/xkeyval\xkeyval.sty
Package: xkeyval 2020/11/20 v2.8 package option processing (HA)
(C:\Users\nun-o\AppData\Local\Programs\MiKTeX\tex/generic/xkeyval\xkeyval.tex (
C:\Users\nun-o\AppData\Local\Programs\MiKTeX\tex/generic/xkeyval\xkvutils.tex
\XKV@toks=\toks15
\XKV@tempa@toks=\toks16
(C:\Users\nun-o\AppData\Local\Programs\MiKTeX\tex/generic/xkeyval\keyval.tex))
\XKV@depth=\count179
File: xkeyval.tex 2014/12/03 v2.7a key=value parser (HA)
))
\sa@internal=\count180
\c@sapage=\count181

(C:\Users\nun-o\AppData\Local\Programs\MiKTeX\tex/latex/standalone\standalone.c
fg
File: standalone.cfg 2018/03/26 v1.3a Default configuration file for 'standalon
e' class
) (C:\Users\nun-o\AppData\Local\Programs\MiKTeX\tex/latex/base\article.cls
Document Class: article 2020/04/10 v1.4m Standard LaTeX document class
(C:\Users\nun-o\AppData\Local\Programs\MiKTeX\tex/latex/base\size10.clo
File: size10.clo 2020/04/10 v1.4m Standard LaTeX file (size option)
)
\c@part=\count182
\c@section=\count183
\c@subsection=\count184
\c@subsubsection=\count185
\c@paragraph=\count186
\c@subparagraph=\count187
\c@figure=\count188
\c@table=\count189
\abovecaptionskip=\skip47
\belowcaptionskip=\skip48
\bibindent=\dimen138
)
\sa@box=\box47
) (C:\Users\nun-o\AppData\Local\Programs\MiKTeX\tex/latex/qcircuit\qcircuit.sty
Package: qcircuit 2018/08/14
(C:\Users\nun-o\AppData\Local\Programs\MiKTeX\tex/generic/xypic\xy.sty (C:\User
s\nun-o\AppData\Local\Programs\MiKTeX\tex/generic/xypic\xy.tex Bootstrap'ing: c
atcodes, docmode, (C:\Users\nun-o\AppData\Local\Programs\MiKTeX\tex/generic/xyp
ic\xyrecat.tex) (C:\Users\nun-o\AppData\Local\Programs\MiKTeX\tex/generic/xypic
\xyidioms.tex)

 Xy-pic version 3.8.9 <2013/10/06>
 Copyright (c) 1991-2013 by Kristoffer H. Rose <krisrose@tug.org> and others
 Xy-pic is free software: see the User's Guide for details.

Loading kernel: messages; fonts; allocations: state,
\X@c=\dimen139
\Y@c=\dimen140
\U@c=\dimen141
\D@c=\dimen142
\L@c=\dimen143
\R@c=\dimen144
\Edge@c=\toks17
\X@p=\dimen145
\Y@p=\dimen146
\U@p=\dimen147
\D@p=\dimen148
\L@p=\dimen149
\R@p=\dimen150
\Edge@p=\toks18
\X@origin=\dimen151
\Y@origin=\dimen152
\X@xbase=\dimen153
\Y@xbase=\dimen154
\X@ybase=\dimen155
\Y@ybase=\dimen156
\X@min=\dimen157
\Y@min=\dimen158
\X@max=\dimen159
\Y@max=\dimen160
\lastobjectbox@=\box48
\zerodotbox@=\box49
\almostz@=\dimen161
direction,
\d@X=\dimen162
\d@Y=\dimen163
\K@=\count190
\KK@=\count191
\Direction=\count192
\K@dXdY=\dimen164
\K@dYdX=\dimen165
\xyread@=\read2
\xywrite@=\write3
\csp@=\count193
\quotPTK@=\dimen166
utility macros; pictures: \xy, positions,
\swaptoks@@=\toks19
\connectobjectbox@@=\box50
objects,
\styletoks@=\toks20
decorations; kernel objects: directionals, circles, text; options; algorithms: 
directions, edges, connections;  Xy-pic loaded) (C:\Users\nun-o\AppData\Local\P
rograms\MiKTeX\tex/generic/iftex\ifpdf.sty
Package: ifpdf 2019/10/25 v3.4 ifpdf legacy package. Use iftex instead.
)
Package: xy 2013/10/06 Xy-pic version 3.8.9
(C:\Users\nun-o\AppData\Local\Programs\MiKTeX\tex/generic/xypic\xypdf.tex  Xy-p
ic option: PDF driver v.1.7 loaded)) (C:\Users\nun-o\AppData\Local\Programs\MiK
TeX\tex/generic/xypic\xymatrix.tex  Xy-pic option: Matrix feature v.3.14
\Row=\count194
\Col=\count195
\queue@=\toks21
\queue@@=\toks22
\qcount@=\count196
\qcount@@=\count197
\matrixsize@=\count198
loaded) (C:\Users\nun-o\AppData\Local\Programs\MiKTeX\tex/generic/xypic\xyframe
.tex  Xy-pic option: Frame and Bracket extension v.3.14 loaded) Xy-pic pdf driv
er: `frame' extension support (C:\Users\nun-o\AppData\Local\Programs\MiKTeX\tex
/generic/xypic\xypdf-fr.tex (C:\Users\nun-o\AppData\Local\Programs\MiKTeX\tex/g
eneric/xypic\xycurve.tex  Xy-pic option: Curve and Spline extension v.3.12 curv
e,
\crv@cnt@=\count199
\crvpts@=\toks23
\splinebox@=\box51
\splineval@=\dimen167
\splinedepth@=\dimen168
\splinetol@=\dimen169
\splinelength@=\dimen170
circles,
\L@=\dimen171
loaded) Xy-pic pdf driver: `curve' extension support (C:\Users\nun-o\AppData\Lo
cal\Programs\MiKTeX\tex/generic/xypic\xypdf-cu.tex loaded) loaded) (C:\Users\nu
n-o\AppData\Local\Programs\MiKTeX\tex/generic/xypic\xyarrow.tex  Xy-pic option:
 Arrow and Path feature v.3.9 path, \ar, loaded) (C:\Users\nun-o\AppData\Local\
Programs\MiKTeX\tex/generic/xypic\xyarc.tex  Xy-pic option: Circle, Ellipse, Ar
c feature v.3.8 circles, ellipses, elliptical arcs, loaded)) (C:\Users\nun-o\Ap
pData\Local\Programs\MiKTeX\tex/latex/graphics\graphics.sty
Package: graphics 2020/08/30 v1.4c Standard LaTeX Graphics (DPC,SPQR)
(C:\Users\nun-o\AppData\Local\Programs\MiKTeX\tex/latex/graphics\trig.sty
Package: trig 2016/01/03 v1.10 sin cos tan (DPC)
)
(C:\Users\nun-o\AppData\Local\Programs\MiKTeX\tex/latex/graphics-cfg\graphics.c
fg
File: graphics.cfg 2016/06/04 v1.11 sample graphics configuration
)
Package graphics Info: Driver file: pdftex.def on input line 105.

(C:\Users\nun-o\AppData\Local\Programs\MiKTeX\tex/latex/graphics-def\pdftex.def
File: pdftex.def 2020/10/05 v1.2a Graphics/color driver for pdftex
)) (C:\Users\nun-o\AppData\Local\Programs\MiKTeX\tex/latex/graphics\color.sty
Package: color 2020/02/24 v1.2b Standard LaTeX Color (DPC)
(C:\Users\nun-o\AppData\Local\Programs\MiKTeX\tex/latex/graphics-cfg\color.cfg
File: color.cfg 2016/01/02 v1.6 sample color configuration
)
Package color Info: Driver file: pdftex.def on input line 147.
) (C:\Users\nun-o\AppData\Local\Programs\MiKTeX\tex/latex/amsmath\amsmath.sty
Package: amsmath 2020/09/23 v2.17i AMS math features
\@mathmargin=\skip49
For additional information on amsmath, use the `?' option.
(C:\Users\nun-o\AppData\Local\Programs\MiKTeX\tex/latex/amsmath\amstext.sty
Package: amstext 2000/06/29 v2.01 AMS text
(C:\Users\nun-o\AppData\Local\Programs\MiKTeX\tex/latex/amsmath\amsgen.sty
File: amsgen.sty 1999/11/30 v2.0 generic functions
\@emptytoks=\toks24
\ex@=\dimen172
)) (C:\Users\nun-o\AppData\Local\Programs\MiKTeX\tex/latex/amsmath\amsbsy.sty
Package: amsbsy 1999/11/29 v1.2d Bold Symbols
\pmbraise@=\dimen173
) (C:\Users\nun-o\AppData\Local\Programs\MiKTeX\tex/latex/amsmath\amsopn.sty
Package: amsopn 2016/03/08 v2.02 operator names
)
\inf@bad=\count266
LaTeX Info: Redefining \frac on input line 234.
\uproot@=\count267
\leftroot@=\count268
LaTeX Info: Redefining \overline on input line 399.
\classnum@=\count269
\DOTSCASE@=\count270
LaTeX Info: Redefining \ldots on input line 496.
LaTeX Info: Redefining \dots on input line 499.
LaTeX Info: Redefining \cdots on input line 620.
\Mathstrutbox@=\box52
\strutbox@=\box53
\big@size=\dimen174
LaTeX Font Info:    Redeclaring font encoding OML on input line 743.
LaTeX Font Info:    Redeclaring font encoding OMS on input line 744.
\macc@depth=\count271
\c@MaxMatrixCols=\count272
\dotsspace@=\muskip16
\c@parentequation=\count273
\dspbrk@lvl=\count274
\tag@help=\toks25
\row@=\count275
\column@=\count276
\maxfields@=\count277
\andhelp@=\toks26
\eqnshift@=\dimen175
\alignsep@=\dimen176
\tagshift@=\dimen177
\tagwidth@=\dimen178
\totwidth@=\dimen179
\lineht@=\dimen180
\@envbody=\toks27
\multlinegap=\skip50
\multlinetaggap=\skip51
\mathdisplay@stack=\toks28
LaTeX Info: Redefining \[ on input line 2923.
LaTeX Info: Redefining \] on input line 2924.
